<?xml version="1.0" encoding="UTF-8"?>
<!-- Generated by org.testng.reporters.JUnitReportReporter -->
<testsuite skipped="0" hostname="DESKTOP-PBKFE78" name="tests.LoginTests" tests="1" failures="0" timestamp="20 Apr 2017 17:48:54 GMT" time="24.210" errors="0">
  <testcase name="testcase02" time="24.210" classname="tests.LoginTests"/>
</testsuite> <!-- tests.LoginTests -->
